<?xml version="1.0" encoding="UTF-8"?>
<!-- Generated by org.testng.reporters.JUnitReportReporter -->
<testsuite skipped="0" hostname="DESKTOP-E19KO8D" name="JPetStore_tests.EnterTheStoreTest" tests="1" failures="0" timestamp="2020-03-26T23:48:19 CET" time="29.109" errors="0">
  <testcase name="enterTheStoreTest" time="29.109" classname="JPetStore_tests.EnterTheStoreTest"/>
</testsuite> <!-- JPetStore_tests.EnterTheStoreTest -->
