<?xml version="1.0" encoding="UTF-8"?>
<!-- Generated by org.testng.reporters.JUnitReportReporter -->
<testsuite skipped="0" hostname="DESKTOP-E19KO8D" name="tests.SignInPageTest" tests="2" failures="0" timestamp="2020-04-06T20:28:23 CEST" time="77.614" errors="0">
  <testcase name="registerBtnFuncTest" time="0.547" classname="tests.SignInPageTest"/>
  <testcase name="loginInTest" time="77.067" classname="tests.SignInPageTest"/>
</testsuite> <!-- tests.SignInPageTest -->
