<?xml version="1.0" encoding="UTF-8"?>
<!-- Generated by org.testng.reporters.JUnitReportReporter -->
<testsuite skipped="0" hostname="DESKTOP-E19KO8D" name="tests.PetStoreMenuTest" tests="4" failures="0" timestamp="2020-04-05T19:30:11 CEST" time="44.295" errors="0">
  <testcase name="testQuickMenu" time="3.768" classname="tests.PetStoreMenuTest"/>
  <testcase name="testSignInButton" time="30.293" classname="tests.PetStoreMenuTest"/>
  <testcase name="testImageMenu" time="6.474" classname="tests.PetStoreMenuTest"/>
  <testcase name="testLeftMenu" time="3.760" classname="tests.PetStoreMenuTest"/>
</testsuite> <!-- tests.PetStoreMenuTest -->
