<?xml version="1.0" encoding="UTF-8"?>
<!-- Generated by org.testng.reporters.JUnitReportReporter -->
<testsuite skipped="0" hostname="DESKTOP-E19KO8D" name="tests.CartPageTest" tests="2" failures="0" timestamp="2020-04-05T19:30:12 CEST" time="8.781" errors="0">
  <testcase name="addToCartTest" time="8.251" classname="tests.CartPageTest"/>
  <testcase name="isCookiesFuncTest" time="0.530" classname="tests.CartPageTest"/>
</testsuite> <!-- tests.CartPageTest -->
