<?xml version="1.0" encoding="UTF-8"?>
<!-- Generated by org.testng.reporters.JUnitReportReporter -->
<testsuite skipped="0" hostname="DESKTOP-E19KO8D" name="tests.PetStoreMenuTest" tests="4" failures="0" timestamp="2020-04-06T20:28:23 CEST" time="43.787" errors="0">
  <testcase name="testQuickMenu" time="3.881" classname="tests.PetStoreMenuTest"/>
  <testcase name="testSignInButton" time="30.226" classname="tests.PetStoreMenuTest"/>
  <testcase name="testImageMenu" time="5.906" classname="tests.PetStoreMenuTest"/>
  <testcase name="testLeftMenu" time="3.774" classname="tests.PetStoreMenuTest"/>
</testsuite> <!-- tests.PetStoreMenuTest -->
