<?xml version="1.0" encoding="UTF-8"?>
<!-- Generated by org.testng.reporters.JUnitReportReporter -->
<testsuite skipped="0" hostname="DESKTOP-E19KO8D" name="tests.StoreItemPageTest" tests="1" failures="0" timestamp="2020-04-01T19:35:28 CEST" time="16.354" errors="0">
  <testcase name="addToCartTest" time="16.354" classname="tests.StoreItemPageTest"/>
</testsuite> <!-- tests.StoreItemPageTest -->
