<?xml version="1.0" encoding="UTF-8"?>
<!-- Generated by org.testng.reporters.JUnitReportReporter -->
<testsuite skipped="0" hostname="DESKTOP-E19KO8D" name="tests.EnterTheStoreTest" tests="1" failures="0" timestamp="2020-04-05T19:30:12 CEST" time="9.358" errors="0">
  <testcase name="enterTheStoreTest" time="9.358" classname="tests.EnterTheStoreTest"/>
</testsuite> <!-- tests.EnterTheStoreTest -->
