<?xml version="1.0" encoding="UTF-8"?>
<!-- Generated by org.testng.reporters.JUnitReportReporter -->
<testsuite skipped="0" hostname="DESKTOP-E19KO8D" name="tests.EnterTheStoreTest" tests="1" failures="0" timestamp="2020-04-06T20:28:23 CEST" time="2.293" errors="0">
  <testcase name="enterTheStoreTest" time="2.293" classname="tests.EnterTheStoreTest"/>
</testsuite> <!-- tests.EnterTheStoreTest -->
