<?xml version="1.0" encoding="UTF-8"?>
<!-- Generated by org.testng.reporters.JUnitReportReporter -->
<testsuite skipped="0" hostname="DESKTOP-E19KO8D" name="tests.RegistrationPageTest" tests="1" failures="0" timestamp="2020-04-06T20:28:23 CEST" time="58.273" errors="0">
  <testcase name="RegistrationTest" time="58.273" classname="tests.RegistrationPageTest"/>
</testsuite> <!-- tests.RegistrationPageTest -->
