<?xml version="1.0" encoding="UTF-8"?>
<!-- Generated by org.testng.reporters.JUnitReportReporter -->
<testsuite skipped="0" hostname="DESKTOP-E19KO8D" name="tests.CartPageTest" tests="2" failures="0" timestamp="2020-04-06T20:30:23 CEST" time="19.450" errors="0">
  <testcase name="addToCartTest" time="13.105" classname="tests.CartPageTest"/>
  <testcase name="isCookiesFuncTest" time="6.345" classname="tests.CartPageTest"/>
</testsuite> <!-- tests.CartPageTest -->
