<?xml version="1.0" encoding="UTF-8"?>
<!-- Generated by org.testng.reporters.JUnitReportReporter -->
<testsuite skipped="0" hostname="DESKTOP-E19KO8D" name="domaci_13_3.Zadatak1" tests="1" failures="0" timestamp="2020-03-17T21:42:36 CET" time="19.875" errors="0">
  <testcase name="addToCart" time="19.875" classname="domaci_13_3.Zadatak1"/>
</testsuite> <!-- domaci_13_3.Zadatak1 -->
