<?xml version="1.0" encoding="UTF-8"?>
<!-- Generated by org.testng.reporters.JUnitReportReporter -->
<testsuite skipped="0" hostname="DESKTOP-E19KO8D" name="tests.SignInPageTest" tests="2" failures="0" timestamp="2020-04-05T19:30:12 CEST" time="71.481" errors="0">
  <testcase name="loginInTest" time="71.047" classname="tests.SignInPageTest"/>
  <testcase name="registerBtnFuncTest" time="0.434" classname="tests.SignInPageTest"/>
</testsuite> <!-- tests.SignInPageTest -->
