<?xml version="1.0" encoding="UTF-8"?>
<!-- Generated by org.testng.reporters.JUnitReportReporter -->
<testsuite skipped="0" hostname="DESKTOP-E19KO8D" name="tests.CartPageTest" tests="2" failures="0" timestamp="2020-04-06T21:30:55 CEST" time="14.475" errors="0">
  <testcase name="isCookiesFuncTest" time="5.878" classname="tests.CartPageTest"/>
  <testcase name="addToCartTest" time="8.597" classname="tests.CartPageTest"/>
</testsuite> <!-- tests.CartPageTest -->
